SF:lib/app/get/service_locator.dart
DA:2,1
DA:4,3
DA:5,2
DA:8,1
DA:9,2
DA:12,1
DA:13,3
DA:17,1
DA:18,1
DA:19,3
DA:20,2
DA:23,1
DA:24,2
DA:31,1
LF:14
LH:14
end_of_record
SF:lib/app/presentation/utils/capitalize.dart
DA:4,1
DA:5,1
DA:8,1
DA:9,5
LF:4
LH:4
end_of_record
SF:lib/app/presentation/utils/validator.dart
DA:2,2
DA:3,2
DA:5,2
DA:10,2
DA:11,2
DA:18,2
DA:19,2
DA:22,6
DA:23,2
DA:26,4
DA:27,2
DA:30,4
DA:31,2
LF:13
LH:13
end_of_record
SF:lib/app/presentation/dialogs/show_loader.dart
DA:3,2
DA:7,2
DA:8,2
DA:9,4
DA:18,2
DA:21,2
LF:6
LH:6
end_of_record
SF:lib/app/my_app.dart
DA:6,8
DA:11,8
DA:13,8
DA:15,8
DA:18,8
DA:19,16
LF:6
LH:6
end_of_record
SF:lib/app/presentation/routes/routes.dart
LF:0
LH:0
end_of_record
SF:lib/app/presentation/routes/app_routes.dart
DA:14,8
DA:15,8
DA:16,8
DA:17,1
DA:18,1
DA:19,1
DA:20,1
DA:21,1
DA:22,1
DA:23,1
DA:24,1
DA:25,1
LF:12
LH:12
end_of_record
SF:lib/app/presentation/dialogs/dialogs.dart
DA:3,2
DA:8,2
DA:10,4
DA:12,2
DA:13,2
DA:14,2
DA:15,2
DA:25,0
DA:30,0
DA:32,0
DA:34,0
DA:35,0
DA:36,0
DA:37,0
DA:43,0
DA:44,0
LF:16
LH:7
end_of_record
SF:lib/app/presentation/views/content_not_visible_view.dart
DA:6,8
DA:8,1
DA:10,1
DA:11,1
DA:12,1
DA:13,1
DA:14,1
DA:15,2
DA:20,1
DA:21,1
DA:22,1
LF:11
LH:11
end_of_record
SF:lib/app/presentation/views/counter_view.dart
DA:6,8
DA:8,1
DA:9,1
DA:15,1
DA:16,2
DA:17,2
DA:21,1
DA:23,1
DA:24,1
DA:25,1
DA:26,1
DA:28,1
DA:29,1
DA:31,1
DA:32,2
DA:33,1
DA:44,1
DA:45,1
DA:46,2
DA:52,2
DA:53,1
DA:54,1
DA:55,1
DA:58,1
DA:61,1
DA:64,1
DA:67,1
DA:70,1
LF:28
LH:28
end_of_record
SF:lib/app/presentation/views/dropdown_view.dart
DA:6,8
DA:8,1
DA:9,1
DA:14,1
DA:16,1
DA:17,1
DA:18,1
DA:19,1
DA:20,1
DA:25,1
DA:26,2
DA:27,1
DA:30,1
DA:34,1
DA:35,2
DA:36,2
DA:38,1
DA:47,1
LF:18
LH:18
end_of_record
SF:lib/app/presentation/views/home_view.dart
DA:7,8
DA:9,8
DA:10,8
DA:14,8
DA:16,8
DA:17,8
DA:18,8
DA:19,8
DA:20,0
DA:34,0
DA:35,0
DA:36,0
DA:38,0
DA:41,0
LF:14
LH:8
end_of_record
SF:lib/app/presentation/views/login_view.dart
DA:11,8
DA:13,1
DA:14,1
DA:22,1
DA:24,1
DA:25,1
DA:26,1
DA:27,1
DA:28,0
DA:29,1
DA:32,1
DA:33,1
DA:34,1
DA:35,1
DA:39,1
DA:41,1
DA:42,1
DA:44,2
DA:49,1
DA:50,1
DA:57,1
DA:60,2
DA:64,1
DA:65,1
DA:66,1
DA:69,1
DA:73,1
DA:74,2
DA:89,1
DA:90,3
DA:91,1
DA:93,1
DA:98,1
DA:102,4
DA:103,1
DA:106,1
DA:109,1
LF:37
LH:36
end_of_record
SF:lib/app/presentation/views/overflow_view.dart
DA:4,8
DA:6,1
DA:8,1
DA:9,1
LF:4
LH:4
end_of_record
SF:lib/app/presentation/views/platform_widgets_view.dart
DA:6,8
DA:8,1
DA:10,1
DA:11,1
DA:12,1
DA:14,1
DA:16,1
DA:17,1
DA:18,1
DA:20,0
DA:23,1
DA:24,2
DA:25,0
LF:13
LH:11
end_of_record
SF:lib/app/presentation/views/slidable_view.dart
DA:7,8
DA:9,1
DA:10,1
DA:16,1
DA:18,1
DA:19,5
DA:22,1
DA:24,1
DA:25,1
DA:26,1
DA:27,1
DA:30,1
DA:31,2
DA:33,1
DA:34,1
DA:35,1
DA:37,1
DA:38,2
DA:40,1
DA:41,1
DA:46,1
DA:47,2
DA:48,1
DA:50,2
DA:57,1
DA:58,1
DA:62,2
DA:67,1
DA:68,2
DA:69,2
LF:30
LH:30
end_of_record
SF:lib/app/presentation/views/tabs_view.dart
DA:4,8
DA:6,1
DA:8,1
DA:10,1
DA:11,1
LF:5
LH:5
end_of_record
SF:lib/app/presentation/utils/platform.dart
DA:3,1
DA:5,1
DA:6,4
LF:3
LH:3
end_of_record
